\BOOKMARK [1][-]{section*.1}{\376\377\121\205\133\271\144\130\211\201}{}% 1
\BOOKMARK [1][-]{section*.1}{\376\377\121\163\225\056\213\315}{}% 2
\BOOKMARK [1][-]{section*.1}{\376\377\000T\000i\000t\000l\000e}{}% 3
\BOOKMARK [1][-]{section*.1}{\376\377\000A\000b\000s\000t\000r\000a\000c\000t}{}% 4
\BOOKMARK [1][-]{section*.1}{\376\377\000K\000e\000y\000w\000o\000r\000d\000s}{}% 5
\BOOKMARK [1][-]{section.1}{\376\377\225\356\230\230\143\320\121\372}{}% 6
\BOOKMARK [2][-]{subsection.1.1}{\376\377\170\024\172\166\200\314\146\157}{section.1}% 7
\BOOKMARK [2][-]{subsection.1.2}{\376\377\170\024\172\166\141\017\116\111}{section.1}% 8
\BOOKMARK [2][-]{subsection.1.3}{\376\377\170\024\172\166\121\205\133\271\116\016\140\035\215\357}{section.1}% 9
\BOOKMARK [2][-]{subsection.1.4}{\376\377\170\024\172\166\145\271\154\325}{section.1}% 10
\BOOKMARK [3][-]{subsubsection.1.4.1}{\376\377\116\000\060\001\145\207\163\056\170\024\172\166\154\325}{subsection.1.4}% 11
\BOOKMARK [3][-]{subsubsection.1.4.2}{\376\377\116\214\060\001\145\207\147\054\122\006\147\220\154\325}{subsection.1.4}% 12
\BOOKMARK [3][-]{subsubsection.1.4.3}{\376\377\116\011\060\001\116\052\150\110\170\024\172\166\154\325}{subsection.1.4}% 13
\BOOKMARK [3][-]{subsubsection.1.4.4}{\376\377\126\333\060\001\213\376\130\002\211\302\133\337\154\325}{subsection.1.4}% 14
\BOOKMARK [3][-]{subsubsection.1.4.5}{\376\377\116\224\060\001\213\277\214\010\154\325}{subsection.1.4}% 15
\BOOKMARK [1][-]{section.2}{\376\377\145\207\163\056\176\374\217\360}{}% 16
\BOOKMARK [2][-]{subsection.2.1}{\376\377\151\202\137\365\165\114\133\232}{section.2}% 17
\BOOKMARK [3][-]{subsubsection.2.1.1}{\376\377\150\070\137\303\175\040\121\173}{subsection.2.1}% 18
\BOOKMARK [3][-]{subsubsection.2.1.2}{\376\377\172\313\117\123\121\340\117\125\123\125\121\103}{subsection.2.1}% 19
\BOOKMARK [3][-]{subsubsection.2.1.3}{\376\377\145\131\133\146\213\304\116\000\117\123\123\026}{subsection.2.1}% 20
\BOOKMARK [2][-]{subsection.2.2}{\376\377\170\024\172\166\163\260\162\266}{section.2}% 21
\BOOKMARK [3][-]{subsubsection.2.2.1}{\376\377\145\160\133\146\150\070\137\303\175\040\121\173\127\050\232\330\116\055\145\160\133\146\145\131\133\146\116\055\166\204\121\205\155\265\116\016\133\236\215\365\217\154\123\026\147\072\122\066}{subsection.2.2}% 22
\BOOKMARK [3][-]{subsubsection.2.2.2}{\376\377\150\070\137\303\175\040\121\173\124\021\145\131\133\146\166\356\150\007\060\001\133\146\116\140\155\073\122\250\116\016\133\146\116\140\176\323\147\234\166\204\217\154\123\026\147\072\122\066}{subsection.2.2}% 23
\BOOKMARK [2][-]{subsection.2.3}{\376\377\232\330\116\055\145\160\133\146\172\313\117\123\121\340\117\125\123\125\121\103\145\131\133\146\170\024\172\166}{section.2}% 24
\BOOKMARK [3][-]{subsubsection.2.3.1}{\376\377\172\313\117\123\121\340\117\125\133\146\116\140\116\055\166\204\121\170\127\213\226\234\170\215}{subsection.2.3}% 25
\BOOKMARK [3][-]{subsubsection.2.3.2}{\376\377\172\313\117\123\121\340\117\125\145\131\133\146\166\204\136\070\211\301\173\126\165\145}{subsection.2.3}% 26
\BOOKMARK [3][-]{subsubsection.2.3.3}{\376\377\123\125\121\103\145\131\133\146\211\306\211\322\116\013\172\313\117\123\121\340\117\125\121\205\133\271\176\304\176\307\166\204\170\024\172\166}{subsection.2.3}% 27
\BOOKMARK [2][-]{subsection.2.4}{\376\377\145\131\133\146\213\304\116\000\117\123\123\026\170\024\172\166\123\312\121\166\127\050\145\160\133\146\133\146\171\321\116\055\166\204\136\224\165\050}{section.2}% 28
\BOOKMARK [3][-]{subsubsection.2.4.1}{\376\377\145\131\133\146\213\304\116\000\117\123\123\026\166\204\127\372\147\054\164\006\137\365\377\032\166\356\150\007\060\001\145\131\133\146\060\001\213\304\116\367\116\000\201\364\140\047\060\002}{subsection.2.4}% 29
\BOOKMARK [3][-]{subsubsection.2.4.2}{\376\377\116\316\116\000\201\364\140\047\122\060\116\000\117\123\123\026\166\204\164\006\213\272\155\361\123\026}{subsection.2.4}% 30
\BOOKMARK [2][-]{subsection.2.5}{\376\377\150\070\137\303\175\040\121\173\060\001\172\313\117\123\121\340\117\125\121\205\133\271\116\016\145\131\133\146\213\304\116\000\117\123\123\026\166\204\116\244\123\311\170\024\172\166}{section.2}% 31
\BOOKMARK [3][-]{subsubsection.2.5.1}{\376\377\145\131\133\146\213\304\116\000\117\123\123\026\146\057\150\070\137\303\175\040\121\173\166\204\204\075\133\236\147\072\122\066\060\002}{subsection.2.5}% 32
\BOOKMARK [3][-]{subsubsection.2.5.2}{\376\377\123\125\121\103\145\131\133\146\146\057\150\070\137\303\175\040\121\173\166\204\133\236\145\275\217\175\117\123\060\002}{subsection.2.5}% 33
\BOOKMARK [3][-]{subsubsection.2.5.3}{\376\377\172\313\117\123\121\340\117\125\123\125\121\103\146\057\150\070\137\303\175\040\121\173\170\024\172\166\166\204\121\167\117\123\217\175\117\123\060\002}{subsection.2.5}% 34
\BOOKMARK [2][-]{subsection.2.6}{\376\377\134\017\176\323}{section.2}% 35
\BOOKMARK [1][-]{section.3}{\376\377\150\070\137\303\175\040\121\173\133\374\124\021\116\013\232\330\116\055\172\313\117\123\121\340\117\125\123\125\121\103\145\131\133\146\213\304\116\000\117\123\123\026\225\356\123\167\122\006\147\220\000\040}{}% 36
\BOOKMARK [2][-]{subsection.3.1}{\376\377\225\356\123\167\213\276\213\241\116\016\145\160\143\156\131\004\164\006\213\364\146\016}{section.3}% 37
\BOOKMARK [2][-]{subsection.3.2}{\376\377\145\131\136\010\133\371\000"\145\131\133\146\213\304\116\000\117\123\123\026\000"\164\006\137\365\166\204\213\244\167\345\116\016\133\236\215\365\163\260\162\266}{section.3}% 38
\BOOKMARK [3][-]{subsubsection.3.2.1}{\376\377\164\006\137\365\213\244\167\345\140\305\121\265}{subsection.3.2}% 39
\BOOKMARK [3][-]{subsubsection.3.2.2}{\376\377\133\236\215\365\204\075\133\236\140\305\121\265}{subsection.3.2}% 40
\BOOKMARK [2][-]{subsection.3.3}{\376\377\172\313\117\123\121\340\117\125\123\125\121\103\145\131\133\146\116\055\150\070\137\303\175\040\121\173\166\204\204\075\133\236\140\305\121\265}{section.3}% 41
\BOOKMARK [3][-]{subsubsection.3.3.1}{\376\377\166\364\211\302\140\363\214\141\175\040\121\173\166\204\127\371\121\173}{subsection.3.3}% 42
\BOOKMARK [3][-]{subsubsection.3.3.2}{\376\377\220\073\217\221\143\250\164\006\175\040\121\173\166\204\127\371\121\173}{subsection.3.3}% 43
\BOOKMARK [3][-]{subsubsection.3.3.3}{\376\377\145\160\133\146\142\275\214\141\123\312\121\166\116\326\175\040\121\173\166\204\156\027\220\017}{subsection.3.3}% 44
\BOOKMARK [2][-]{subsection.3.4}{\376\377\172\313\117\123\121\340\117\125\123\125\121\103\145\131\133\146\166\204\213\304\116\367\145\271\137\017\116\016\213\304\116\367\135\345\121\167\163\260\162\266}{section.3}% 45
\BOOKMARK [3][-]{subsubsection.3.4.1}{\376\377\213\304\116\367\145\271\137\017\166\204\131\032\121\103\123\026\172\013\136\246}{subsection.3.4}% 46
\BOOKMARK [3][-]{subsubsection.3.4.2}{\376\377\213\304\116\367\166\356\150\007\116\016\145\131\133\146\166\356\150\007\166\204\116\000\201\364\140\047}{subsection.3.4}% 47
\BOOKMARK [2][-]{subsection.3.5}{\376\377\172\313\117\123\121\340\117\125\123\125\121\103\145\131\133\146\213\304\116\000\117\123\123\026\213\276\213\241\166\204\227\000\154\102\116\016\136\372\213\256}{section.3}% 48
\BOOKMARK [3][-]{subsubsection.3.5.1}{\376\377\123\125\121\103\145\164\117\123\213\276\213\241\166\204\227\000\154\102}{subsection.3.5}% 49
\BOOKMARK [3][-]{subsubsection.3.5.2}{\376\377\213\304\116\367\135\345\121\167\116\016\116\023\116\032\145\057\143\001\166\204\227\000\154\102}{subsection.3.5}% 50
\BOOKMARK [2][-]{subsection.3.6}{\376\377\134\017\176\323}{section.3}% 51
\BOOKMARK [3][-]{subsubsection.3.6.1}{\376\377\214\003\147\345\124\110\163\260\166\204\145\131\133\146\117\030\123\026\221\315\160\271}{subsection.3.6}% 52
\BOOKMARK [3][-]{subsubsection.3.6.2}{\376\377\127\372\116\216\214\003\147\345\116\016\145\131\136\010\133\236\215\365\176\317\232\214\166\204\117\030\123\026\173\126\165\145\116\016\145\131\133\146\143\007\137\025}{subsection.3.6}% 53
\BOOKMARK [3][-]{subsubsection.3.6.3}{\376\377\147\054\172\340\176\323\213\355}{subsection.3.6}% 54
\BOOKMARK [1][-]{section.4}{\376\377\150\070\137\303\175\040\121\173\133\374\124\021\116\013\232\330\116\055\172\313\117\123\121\340\117\125\123\125\121\103\145\131\133\146\213\304\116\000\117\123\123\026\150\110\117\213\213\276\213\241}{}% 55
\BOOKMARK [2][-]{subsection.4.1}{\376\377\060\012\172\313\117\123\121\340\117\125\122\035\153\145\060\013\140\073\117\123\213\276\213\241}{section.4}% 56
\BOOKMARK [3][-]{subsubsection.4.1.1}{\376\377\213\376\150\007\122\006\147\220}{subsection.4.1}% 57
\BOOKMARK [3][-]{subsubsection.4.1.2}{\376\377\121\205\133\271\122\006\147\220}{subsection.4.1}% 58
\BOOKMARK [3][-]{subsubsection.4.1.3}{\376\377\133\146\140\305\122\006\147\220}{subsection.4.1}% 59
\BOOKMARK [3][-]{subsubsection.4.1.4}{\376\377\166\356\150\007\122\006\147\220}{subsection.4.1}% 60
\BOOKMARK [3][-]{subsubsection.4.1.5}{\376\377\213\304\116\367\155\073\122\250\213\276\213\241}{subsection.4.1}% 61
\BOOKMARK [2][-]{subsection.4.2}{\376\377\060\012\166\364\176\277\116\016\136\163\227\142\136\163\210\114\060\013\213\376\145\366\213\276\213\241}{section.4}% 62
\BOOKMARK [3][-]{subsubsection.4.2.1}{\376\377\060\012\166\364\176\277\116\016\136\163\227\142\136\163\210\114\060\013\145\131\133\146\166\356\150\007\116\016\150\070\137\303\175\040\121\173\133\371\136\224\210\150}{subsection.4.2}% 63
\BOOKMARK [3][-]{subsubsection.4.2.2}{\376\377\145\131\133\146\221\315\226\276\160\271}{subsection.4.2}% 64
\BOOKMARK [3][-]{subsubsection.4.2.3}{\376\377\145\131\133\146\217\307\172\013}{subsection.4.2}% 65
\BOOKMARK [1][-]{section.5}{\376\377\176\323\213\355}{}% 66
\BOOKMARK [2][-]{subsection.5.1}{\376\377\170\024\172\166\176\323\213\272}{section.5}% 67
\BOOKMARK [2][-]{subsection.5.2}{\376\377\170\024\172\166\124\057\171\072}{section.5}% 68
\BOOKMARK [2][-]{subsection.5.3}{\376\377\123\315\140\035\116\016\134\125\147\033}{section.5}% 69
\BOOKMARK [1][-]{section*.4}{\376\377\123\302\200\003\145\207\163\056}{}% 70
\BOOKMARK [1][-]{section*.5}{\376\377\201\364\214\042}{}% 71
\BOOKMARK [1][-]{section*.6}{\376\377\226\104\137\125}{}% 72
